<?xml version="1.0" encoding="UTF-8"?>
<!-- Generated by org.testng.reporters.JUnitReportReporter -->
<testsuite hostname="DESKTOP-D3H5MVR" failures="0" tests="1" name="testcases.ProductsTest" time="11.971" errors="0" timestamp="2025-08-11T14:11:17 EDT" skipped="0">
  <testcase classname="testcases.ProductsTest" name="test" time="11.971"/>
</testsuite> <!-- testcases.ProductsTest -->
