<?xml version="1.0" encoding="UTF-8"?>
<!-- Generated by org.testng.reporters.JUnitReportReporter -->
<testsuite hostname="mac.lan" failures="0" tests="1" name="testcases.ProductsTest" time="59.180" errors="0" timestamp="2025-08-25T21:10:16 EDT" skipped="0">
  <testcase classname="testcases.ProductsTest" name="test" time="59.180"/>
</testsuite> <!-- testcases.ProductsTest -->
