<?xml version="1.0" encoding="UTF-8"?>
<!-- Generated by org.testng.reporters.JUnitReportReporter -->
<testsuite hostname="mac.lan" failures="0" tests="1" name="testcases.LoginTest" time="18.875" errors="0" timestamp="2025-07-09T20:09:27 EDT" skipped="0">
  <testcase classname="testcases.LoginTest" name="validateErrorMessageForNoInput" time="18.875"/>
</testsuite> <!-- testcases.LoginTest -->
