<?xml version="1.0" encoding="UTF-8"?>
<!-- Generated by org.testng.reporters.JUnitReportReporter -->
<testsuite hostname="DESKTOP-D3H5MVR" failures="0" tests="1" name="testcases.LoginTest" time="17.929" errors="0" timestamp="2025-08-11T14:08:09 EDT" skipped="0">
  <testcase classname="testcases.LoginTest" name="validateErrorMessageForNoInput" time="17.929"/>
</testsuite> <!-- testcases.LoginTest -->
