<?xml version="1.0" encoding="UTF-8"?>
<!-- Generated by org.testng.reporters.JUnitReportReporter -->
<testsuite hostname="mac.lan" failures="0" tests="1" name="testcases.ProductsTest" time="53.707" errors="0" timestamp="2025-08-21T21:47:38 EDT" skipped="0">
  <testcase classname="testcases.ProductsTest" name="test" time="53.707"/>
</testsuite> <!-- testcases.ProductsTest -->
