<?xml version="1.0" encoding="UTF-8"?>
<!-- Generated by org.testng.reporters.JUnitReportReporter -->
<testsuite hostname="mac.lan" failures="0" tests="1" name="testcases.LoginTest" time="14.745" errors="0" timestamp="2025-08-12T13:30:30 EDT" skipped="0">
  <testcase classname="testcases.LoginTest" name="loginTest" time="14.745"/>
</testsuite> <!-- testcases.LoginTest -->
