<?xml version="1.0" encoding="UTF-8"?>
<!-- Generated by org.testng.reporters.JUnitReportReporter -->
<testsuite hostname="DESKTOP-D3H5MVR" failures="0" tests="1" name="testcases.ProductsTest" time="10.610" errors="0" timestamp="2025-08-13T18:34:24 EDT" skipped="0">
  <testcase classname="testcases.ProductsTest" name="test" time="10.610"/>
</testsuite> <!-- testcases.ProductsTest -->
